

  AirBeo task started at 10:42 on 26 OCT 2022


                        AirBeoVR - Version 4.7.X    22 August 2016                  
                        Develped by: Art Raiche
                                for: AMIRA project P223F



          INPUT DATA
          ----------

 AirBeo Test case for St. Gormans                                                                                        
 2 0 1 0 ! TDFD, DO3D, PRFL, ISTOP (0=Run, 1=Print)                                                                      
 4 -1 3 ! NFREQ, CMP, NPPF                                                                                               
 912.000 -0.000 0.000 21.360 90 ! FREQ(J), ZRX(J), XRX(J), YRX(J), TXCLN(J)                                              
 3005.000 -0.000 0.000 21.360 90 ! FREQ(J), ZRX(J), XRX(J), YRX(J), TXCLN(J)                                             
 11962.000 -0.000 0.000 21.360 90 ! FREQ(J), ZRX(J), XRX(J), YRX(J), TXCLN(J)                                            
 24510.000 -0.000 0.000 21.360 90 ! FREQ(J), ZRX(J), XRX(J), YRX(J), TXCLN(J) Vertical coplanar (Suppala 2--5)           
 1 2  0 1             !NSTAT, SURVEY, BAROMTRC, LINE_TAG                                                                 
 1376 5924160.45 639188.41 60.0    ! LINE EAST(J), NORTH(J), ALT(J)                                                      
 5 1 5 0 ! NLYR, QLYR, NLITH, GND_LVL (QLYR = 1 => structure specified using thickness of each layer, GND_LVL?)          
 100.0000 1.0000 1.000000 1.0000 0.0000 0.0000 1.0000 ! RES(N), SIG_T(N), RMU(N), REPS(N), CHRG(N), CTAU(N), CFREQ(N)    
 10.0000 1.0000 1.000000 1.0000 0.0000 0.0000 1.0000 ! RES(N), SIG_T(N), RMU(N), REPS(N), CHRG(N), CTAU(N), CFREQ(N)     
 100.0000 1.0000 1.000000 1.0000 0.0000 0.0000 1.0000 ! RES(N), SIG_T(N), RMU(N), REPS(N), CHRG(N), CTAU(N), CFREQ(N)    
 100.0000 1.0000 1.000000 1.0000 0.0000 0.0000 1.0000 ! RES(N), SIG_T(N), RMU(N), REPS(N), CHRG(N), CTAU(N), CFREQ(N)    
 100.0000 1.0000 1.000000 1.0000 0.0000 0.0000 1.0000 ! RES(N), SIG_T(N), RMU(N), REPS(N), CHRG(N), CTAU(N), CFREQ(N)    
 1     25.         !   LITH(1), THK(1)                                                                                   
 2     25.         !   LITH(2), THK(2)                                                                                   
 3     25.         !   LITH(1), THK(1)                                                                                   
 4     50          !   LITH(2), THK(2)                                                                                   
 5                 !   LITH(3) Basement                                                                                  
-------------------------------------------------------------------------------

 AirBeo Test case for St. Gormans

  TDFD =  2   DO1D =  0   PRFL =  1    ISTOP = 0

          +------------------------------------------------+
          +  Frequency-Domain Airborne System Information  +
          +------------------------------------------------+

  System orientation = vertical coplanar broadside

  NFRQ =  4;  CMP = 1;  NPPF = 3
  Data will be expressed as ppm 

  Frequencies, Tx Angles and Receiver Offset(s)

     Frequency  TXCLN  TXAZM   ZRX   XRX   YRX   CONFIG
     ---------  -----  -----   ---   ---   ---   ------
  1     912.     90.    90.   -0.0   0.0  21.4    VCB
  2    3005.     90.    90.   -0.0   0.0  21.4    VCB
  3   11962.     90.    90.   -0.0   0.0  21.4    VCB
  4   24510.     90.    90.   -0.0   0.0  21.4    VCB


  NSTAT =   1   SURVEY = 2   BAROMTRC = 0   LINE_TAG = 1

        1 transmitter positions along the flight path

     Line   Stat       East        North       Alt     Bearing
     ----   ----       ----        -----       ---     -------
     1376     1     5924160.5    639188.4      60.0       0.0


  NLAYER =  5;   NLITH =  5;   GND_LVL =    0.00


                          LITHOLOGY PROPERTIES
                          --------------------

                                  Relative   Relative     Cole-Cole Parameters
        Resistivity  Conductance     MU     Dielectric   CHRG    CTAU       CFREQ

   1      100.0          1.0       1.000      1.000      0.00    0.00        1.00
   2      10.00          1.0       1.000      1.000      0.00    0.00        1.00
   3      100.0          1.0       1.000      1.000      0.00    0.00        1.00
   4      100.0          1.0       1.000      1.000      0.00    0.00        1.00
   5      100.0          1.0       1.000      1.000      0.00    0.00        1.00


  LAYERED EARTH INPUT DATA
  ------------------------

   1   1   25.0   J, LITH(J), THK(J)
   2   2   25.0   J, LITH(J), THK(J)
   3   3   25.0   J, LITH(J), THK(J)
   4   4   50.0   J, LITH(J), THK(J)
   5   5             Basement Lithology


        Model Description
        =================

 Layer  Resistivity  Depth  Thickness  Conductance
 -----  -----------  -----  ---------  -----------
   1      100.0       25.0     25.0     0.2500    
   2      10.00       50.0     25.0      2.500    
   3      100.0       75.0     25.0     0.2500    
   4      100.0      125.0     50.0     0.5000    
   5      100.0    


   Frequency    Coupled Primary   Normalisation
   Index        Field (pT)        Factor
   ---------    ---------------   ------------
     1             10.26           0.9745E+05
     2             10.26           0.9745E+05
     3             10.26           0.9745E+05
     4             10.26           0.9745E+05


  FREQUENCY-DOMAIN Airbeo OUTPUT
  ---------------------------------

  TITLE:  AirBeo Test case for St. Gormans
  -----

  SINGLE COMPONENT RESPONSE ALONG TRANSMITTER DIPOLE DIRECTION


         IN-PHASE COMPONENT - ppm

         EAST     NORTH    ALT      912.       3005.      11962.      24510.
                                    VCB         VCB         VCB         VCB

  1   5924160    639188     60      570.53     1216.39     1774.95     2152.51


         QUADRATURE COMPONENT - ppm

         EAST     NORTH    ALT      912.       3005.      11962.      24510.
                                    VCB         VCB         VCB         VCB

  1   5924160    639188     60      663.58      742.30      810.03     1003.83


  AirBeo forward model completed at 10:42 on 26 OCT 2022

  Computation time =       0.00 seconds.


